<?xml version="1.0" encoding="UTF-8"?>
<testng-results ignored="0" total="1" passed="1" failed="0" skipped="0">
  <reporter-output>
  </reporter-output>
  <suite started-at="2020-02-20T16:11:33 CET" name="Default suite" finished-at="2020-02-20T16:11:36 CET" duration-ms="2380">
    <groups>
    </groups>
    <test started-at="2020-02-20T16:11:33 CET" name="Default test" finished-at="2020-02-20T16:11:36 CET" duration-ms="2380">
      <class name="Package.Tests">
        <test-method signature="GoogleSearch()[pri:0, instance:Package.Tests@12c7a01b]" started-at="2020-02-20T16:11:33 CET" name="GoogleSearch" finished-at="2020-02-20T16:11:36 CET" duration-ms="2350" status="PASS">
          <reporter-output>
          </reporter-output>
        </test-method> <!-- GoogleSearch -->
      </class> <!-- Package.Tests -->
    </test> <!-- Default test -->
  </suite> <!-- Default suite -->
</testng-results>
